scanpy==1.5.1 anndata==0.7.3 umap==0.4.6 numpy==1.19.1 scipy==1.5.2 pandas==1.1.0 scikit-learn==0.23.2 statsmodels==0.11.1 python-igraph==0.8.2 louvain==0.6.1 leidenalg==0.8.2
/home/icb/carlo.dedonno/anaconda3/envs/sc/lib/python3.7/site-packages/anndata/_core/anndata.py:1094: FutureWarning: is_categorical is deprecated and will be removed in a future version.  Use is_categorical_dtype instead
  if not is_categorical(df_full[k]):
filtered out 9131 genes that are detected in less than 12.0 cells
/home/icb/carlo.dedonno/anaconda3/envs/sc/lib/python3.7/site-packages/dask/array/core.py:2620: RuntimeWarning: divide by zero encountered in true_divide
  size = (limit / dtype.itemsize / largest_block) ** (1 / len(autos))
/home/icb/carlo.dedonno/anaconda3/envs/sc/lib/python3.7/site-packages/anndata/_core/anndata.py:1094: FutureWarning: is_categorical is deprecated and will be removed in a future version.  Use is_categorical_dtype instead
  if not is_categorical(df_full[k]):
filtered out 12047 genes that are detected in less than 9.0 cells
/home/icb/carlo.dedonno/anaconda3/envs/sc/lib/python3.7/site-packages/dask/array/core.py:2620: RuntimeWarning: divide by zero encountered in true_divide
  size = (limit / dtype.itemsize / largest_block) ** (1 / len(autos))
/home/icb/carlo.dedonno/anaconda3/envs/sc/lib/python3.7/site-packages/anndata/_core/anndata.py:1094: FutureWarning: is_categorical is deprecated and will be removed in a future version.  Use is_categorical_dtype instead
  if not is_categorical(df_full[k]):
filtered out 12070 genes that are detected in less than 4.0 cells
/home/icb/carlo.dedonno/anaconda3/envs/sc/lib/python3.7/site-packages/dask/array/core.py:2620: RuntimeWarning: divide by zero encountered in true_divide
  size = (limit / dtype.itemsize / largest_block) ** (1 / len(autos))
/home/icb/carlo.dedonno/anaconda3/envs/sc/lib/python3.7/site-packages/anndata/_core/anndata.py:1094: FutureWarning: is_categorical is deprecated and will be removed in a future version.  Use is_categorical_dtype instead
  if not is_categorical(df_full[k]):
filtered out 9906 genes that are detected in less than 2.0 cells
/home/icb/carlo.dedonno/anaconda3/envs/sc/lib/python3.7/site-packages/dask/array/core.py:2620: RuntimeWarning: divide by zero encountered in true_divide
  size = (limit / dtype.itemsize / largest_block) ** (1 / len(autos))
/home/icb/carlo.dedonno/anaconda3/envs/sc/lib/python3.7/site-packages/anndata/_core/anndata.py:1094: FutureWarning: is_categorical is deprecated and will be removed in a future version.  Use is_categorical_dtype instead
  if not is_categorical(df_full[k]):
filtered out 9441 genes that are detected in less than 52.0 cells
/home/icb/carlo.dedonno/anaconda3/envs/sc/lib/python3.7/site-packages/dask/array/core.py:2620: RuntimeWarning: divide by zero encountered in true_divide
  size = (limit / dtype.itemsize / largest_block) ** (1 / len(autos))
/home/icb/carlo.dedonno/anaconda3/envs/sc/lib/python3.7/site-packages/anndata/_core/anndata.py:1094: FutureWarning: is_categorical is deprecated and will be removed in a future version.  Use is_categorical_dtype instead
  if not is_categorical(df_full[k]):
filtered out 11883 genes that are detected in less than 13.0 cells
/home/icb/carlo.dedonno/anaconda3/envs/sc/lib/python3.7/site-packages/dask/array/core.py:2620: RuntimeWarning: divide by zero encountered in true_divide
  size = (limit / dtype.itemsize / largest_block) ** (1 / len(autos))
/home/icb/carlo.dedonno/anaconda3/envs/sc/lib/python3.7/site-packages/anndata/_core/anndata.py:1094: FutureWarning: is_categorical is deprecated and will be removed in a future version.  Use is_categorical_dtype instead
  if not is_categorical(df_full[k]):
filtered out 12372 genes that are detected in less than 2.0 cells
/home/icb/carlo.dedonno/anaconda3/envs/sc/lib/python3.7/site-packages/dask/array/core.py:2620: RuntimeWarning: divide by zero encountered in true_divide
  size = (limit / dtype.itemsize / largest_block) ** (1 / len(autos))
/home/icb/carlo.dedonno/anaconda3/envs/sc/lib/python3.7/site-packages/anndata/_core/anndata.py:1094: FutureWarning: is_categorical is deprecated and will be removed in a future version.  Use is_categorical_dtype instead
  if not is_categorical(df_full[k]):
filtered out 7886 genes that are detected in less than 13.0 cells
/home/icb/carlo.dedonno/anaconda3/envs/sc/lib/python3.7/site-packages/dask/array/core.py:2620: RuntimeWarning: divide by zero encountered in true_divide
  size = (limit / dtype.itemsize / largest_block) ** (1 / len(autos))
/home/icb/carlo.dedonno/anaconda3/envs/sc/lib/python3.7/site-packages/anndata/_core/anndata.py:1094: FutureWarning: is_categorical is deprecated and will be removed in a future version.  Use is_categorical_dtype instead
  if not is_categorical(df_full[k]):
filtered out 9285 genes that are detected in less than 8.0 cells
/home/icb/carlo.dedonno/anaconda3/envs/sc/lib/python3.7/site-packages/dask/array/core.py:2620: RuntimeWarning: divide by zero encountered in true_divide
  size = (limit / dtype.itemsize / largest_block) ** (1 / len(autos))
/home/icb/carlo.dedonno/anaconda3/envs/sc/lib/python3.7/site-packages/anndata/_core/anndata.py:1094: FutureWarning: is_categorical is deprecated and will be removed in a future version.  Use is_categorical_dtype instead
  if not is_categorical(df_full[k]):
filtered out 12959 genes that are detected in less than 11.0 cells
/home/icb/carlo.dedonno/anaconda3/envs/sc/lib/python3.7/site-packages/dask/array/core.py:2620: RuntimeWarning: divide by zero encountered in true_divide
  size = (limit / dtype.itemsize / largest_block) ** (1 / len(autos))
/home/icb/carlo.dedonno/anaconda3/envs/sc/lib/python3.7/site-packages/anndata/_core/anndata.py:1094: FutureWarning: is_categorical is deprecated and will be removed in a future version.  Use is_categorical_dtype instead
  if not is_categorical(df_full[k]):
filtered out 8667 genes that are detected in less than 58.0 cells
/home/icb/carlo.dedonno/anaconda3/envs/sc/lib/python3.7/site-packages/dask/array/core.py:2620: RuntimeWarning: divide by zero encountered in true_divide
  size = (limit / dtype.itemsize / largest_block) ** (1 / len(autos))
/home/icb/carlo.dedonno/anaconda3/envs/sc/lib/python3.7/site-packages/anndata/_core/anndata.py:1094: FutureWarning: is_categorical is deprecated and will be removed in a future version.  Use is_categorical_dtype instead
  if not is_categorical(df_full[k]):
filtered out 10685 genes that are detected in less than 33.0 cells
/home/icb/carlo.dedonno/anaconda3/envs/sc/lib/python3.7/site-packages/dask/array/core.py:2620: RuntimeWarning: divide by zero encountered in true_divide
  size = (limit / dtype.itemsize / largest_block) ** (1 / len(autos))
/home/icb/carlo.dedonno/anaconda3/envs/sc/lib/python3.7/site-packages/anndata/_core/anndata.py:1094: FutureWarning: is_categorical is deprecated and will be removed in a future version.  Use is_categorical_dtype instead
  if not is_categorical(df_full[k]):
filtered out 13944 genes that are detected in less than 10.0 cells
/home/icb/carlo.dedonno/anaconda3/envs/sc/lib/python3.7/site-packages/dask/array/core.py:2620: RuntimeWarning: divide by zero encountered in true_divide
  size = (limit / dtype.itemsize / largest_block) ** (1 / len(autos))
/home/icb/carlo.dedonno/anaconda3/envs/sc/lib/python3.7/site-packages/anndata/_core/anndata.py:1094: FutureWarning: is_categorical is deprecated and will be removed in a future version.  Use is_categorical_dtype instead
  if not is_categorical(df_full[k]):
filtered out 12223 genes that are detected in less than 106.0 cells
/home/icb/carlo.dedonno/anaconda3/envs/sc/lib/python3.7/site-packages/dask/array/core.py:2620: RuntimeWarning: divide by zero encountered in true_divide
  size = (limit / dtype.itemsize / largest_block) ** (1 / len(autos))
/home/icb/carlo.dedonno/anaconda3/envs/sc/lib/python3.7/site-packages/anndata/_core/anndata.py:1094: FutureWarning: is_categorical is deprecated and will be removed in a future version.  Use is_categorical_dtype instead
  if not is_categorical(df_full[k]):
filtered out 12302 genes that are detected in less than 10.0 cells
/home/icb/carlo.dedonno/anaconda3/envs/sc/lib/python3.7/site-packages/dask/array/core.py:2620: RuntimeWarning: divide by zero encountered in true_divide
  size = (limit / dtype.itemsize / largest_block) ** (1 / len(autos))
/home/icb/carlo.dedonno/anaconda3/envs/sc/lib/python3.7/site-packages/anndata/_core/anndata.py:1094: FutureWarning: is_categorical is deprecated and will be removed in a future version.  Use is_categorical_dtype instead
  if not is_categorical(df_full[k]):
filtered out 15294 genes that are detected in less than 7.0 cells
/home/icb/carlo.dedonno/anaconda3/envs/sc/lib/python3.7/site-packages/dask/array/core.py:2620: RuntimeWarning: divide by zero encountered in true_divide
  size = (limit / dtype.itemsize / largest_block) ** (1 / len(autos))
/home/icb/carlo.dedonno/anaconda3/envs/sc/lib/python3.7/site-packages/anndata/_core/anndata.py:1094: FutureWarning: is_categorical is deprecated and will be removed in a future version.  Use is_categorical_dtype instead
  if not is_categorical(df_full[k]):
filtered out 10893 genes that are detected in less than 20.0 cells
/home/icb/carlo.dedonno/anaconda3/envs/sc/lib/python3.7/site-packages/dask/array/core.py:2620: RuntimeWarning: divide by zero encountered in true_divide
  size = (limit / dtype.itemsize / largest_block) ** (1 / len(autos))
/home/icb/carlo.dedonno/anaconda3/envs/sc/lib/python3.7/site-packages/anndata/_core/anndata.py:1094: FutureWarning: is_categorical is deprecated and will be removed in a future version.  Use is_categorical_dtype instead
  if not is_categorical(df_full[k]):
filtered out 10383 genes that are detected in less than 3.0 cells
/home/icb/carlo.dedonno/anaconda3/envs/sc/lib/python3.7/site-packages/dask/array/core.py:2620: RuntimeWarning: divide by zero encountered in true_divide
  size = (limit / dtype.itemsize / largest_block) ** (1 / len(autos))
/home/icb/carlo.dedonno/anaconda3/envs/sc/lib/python3.7/site-packages/anndata/_core/anndata.py:1094: FutureWarning: is_categorical is deprecated and will be removed in a future version.  Use is_categorical_dtype instead
  if not is_categorical(df_full[k]):
filtered out 10572 genes that are detected in less than 3.0 cells
/home/icb/carlo.dedonno/anaconda3/envs/sc/lib/python3.7/site-packages/dask/array/core.py:2620: RuntimeWarning: divide by zero encountered in true_divide
  size = (limit / dtype.itemsize / largest_block) ** (1 / len(autos))
/home/icb/carlo.dedonno/anaconda3/envs/sc/lib/python3.7/site-packages/anndata/_core/anndata.py:1094: FutureWarning: is_categorical is deprecated and will be removed in a future version.  Use is_categorical_dtype instead
  if not is_categorical(df_full[k]):
filtered out 10587 genes that are detected in less than 4.0 cells
/home/icb/carlo.dedonno/anaconda3/envs/sc/lib/python3.7/site-packages/dask/array/core.py:2620: RuntimeWarning: divide by zero encountered in true_divide
  size = (limit / dtype.itemsize / largest_block) ** (1 / len(autos))
/home/icb/carlo.dedonno/anaconda3/envs/sc/lib/python3.7/site-packages/anndata/_core/anndata.py:1094: FutureWarning: is_categorical is deprecated and will be removed in a future version.  Use is_categorical_dtype instead
  if not is_categorical(df_full[k]):
filtered out 12464 genes that are detected in less than 139.0 cells
/home/icb/carlo.dedonno/anaconda3/envs/sc/lib/python3.7/site-packages/dask/array/core.py:2620: RuntimeWarning: divide by zero encountered in true_divide
  size = (limit / dtype.itemsize / largest_block) ** (1 / len(autos))
/home/icb/carlo.dedonno/anaconda3/envs/sc/lib/python3.7/site-packages/anndata/_core/anndata.py:1094: FutureWarning: is_categorical is deprecated and will be removed in a future version.  Use is_categorical_dtype instead
  if not is_categorical(df_full[k]):
filtered out 13816 genes that are detected in less than 31.0 cells
/home/icb/carlo.dedonno/anaconda3/envs/sc/lib/python3.7/site-packages/dask/array/core.py:2620: RuntimeWarning: divide by zero encountered in true_divide
  size = (limit / dtype.itemsize / largest_block) ** (1 / len(autos))
/home/icb/carlo.dedonno/anaconda3/envs/sc/lib/python3.7/site-packages/anndata/_core/anndata.py:1094: FutureWarning: is_categorical is deprecated and will be removed in a future version.  Use is_categorical_dtype instead
  if not is_categorical(df_full[k]):
filtered out 13242 genes that are detected in less than 21.0 cells
/home/icb/carlo.dedonno/anaconda3/envs/sc/lib/python3.7/site-packages/dask/array/core.py:2620: RuntimeWarning: divide by zero encountered in true_divide
  size = (limit / dtype.itemsize / largest_block) ** (1 / len(autos))
/home/icb/carlo.dedonno/anaconda3/envs/sc/lib/python3.7/site-packages/anndata/_core/anndata.py:1094: FutureWarning: is_categorical is deprecated and will be removed in a future version.  Use is_categorical_dtype instead
  if not is_categorical(df_full[k]):
filtered out 13460 genes that are detected in less than 3.0 cells
/home/icb/carlo.dedonno/anaconda3/envs/sc/lib/python3.7/site-packages/dask/array/core.py:2620: RuntimeWarning: divide by zero encountered in true_divide
  size = (limit / dtype.itemsize / largest_block) ** (1 / len(autos))
/home/icb/carlo.dedonno/anaconda3/envs/sc/lib/python3.7/site-packages/anndata/_core/anndata.py:1094: FutureWarning: is_categorical is deprecated and will be removed in a future version.  Use is_categorical_dtype instead
  if not is_categorical(df_full[k]):
filtered out 9763 genes that are detected in less than 7.0 cells
/home/icb/carlo.dedonno/anaconda3/envs/sc/lib/python3.7/site-packages/dask/array/core.py:2620: RuntimeWarning: divide by zero encountered in true_divide
  size = (limit / dtype.itemsize / largest_block) ** (1 / len(autos))
/home/icb/carlo.dedonno/anaconda3/envs/sc/lib/python3.7/site-packages/anndata/_core/anndata.py:1094: FutureWarning: is_categorical is deprecated and will be removed in a future version.  Use is_categorical_dtype instead
  if not is_categorical(df_full[k]):
filtered out 14047 genes that are detected in less than 13.0 cells
/home/icb/carlo.dedonno/anaconda3/envs/sc/lib/python3.7/site-packages/dask/array/core.py:2620: RuntimeWarning: divide by zero encountered in true_divide
  size = (limit / dtype.itemsize / largest_block) ** (1 / len(autos))
/home/icb/carlo.dedonno/anaconda3/envs/sc/lib/python3.7/site-packages/anndata/_core/anndata.py:1094: FutureWarning: is_categorical is deprecated and will be removed in a future version.  Use is_categorical_dtype instead
  if not is_categorical(df_full[k]):
filtered out 12355 genes that are detected in less than 45.0 cells
/home/icb/carlo.dedonno/anaconda3/envs/sc/lib/python3.7/site-packages/dask/array/core.py:2620: RuntimeWarning: divide by zero encountered in true_divide
  size = (limit / dtype.itemsize / largest_block) ** (1 / len(autos))
/home/icb/carlo.dedonno/anaconda3/envs/sc/lib/python3.7/site-packages/anndata/_core/anndata.py:1094: FutureWarning: is_categorical is deprecated and will be removed in a future version.  Use is_categorical_dtype instead
  if not is_categorical(df_full[k]):
filtered out 10376 genes that are detected in less than 9.0 cells
/home/icb/carlo.dedonno/anaconda3/envs/sc/lib/python3.7/site-packages/dask/array/core.py:2620: RuntimeWarning: divide by zero encountered in true_divide
  size = (limit / dtype.itemsize / largest_block) ** (1 / len(autos))
/home/icb/carlo.dedonno/anaconda3/envs/sc/lib/python3.7/site-packages/anndata/_core/anndata.py:1094: FutureWarning: is_categorical is deprecated and will be removed in a future version.  Use is_categorical_dtype instead
  if not is_categorical(df_full[k]):
filtered out 12602 genes that are detected in less than 3.0 cells
/home/icb/carlo.dedonno/anaconda3/envs/sc/lib/python3.7/site-packages/dask/array/core.py:2620: RuntimeWarning: divide by zero encountered in true_divide
  size = (limit / dtype.itemsize / largest_block) ** (1 / len(autos))
/home/icb/carlo.dedonno/anaconda3/envs/sc/lib/python3.7/site-packages/anndata/_core/anndata.py:1094: FutureWarning: is_categorical is deprecated and will be removed in a future version.  Use is_categorical_dtype instead
  if not is_categorical(df_full[k]):
filtered out 10693 genes that are detected in less than 9.0 cells
/home/icb/carlo.dedonno/anaconda3/envs/sc/lib/python3.7/site-packages/dask/array/core.py:2620: RuntimeWarning: divide by zero encountered in true_divide
  size = (limit / dtype.itemsize / largest_block) ** (1 / len(autos))
/home/icb/carlo.dedonno/anaconda3/envs/sc/lib/python3.7/site-packages/anndata/_core/anndata.py:1094: FutureWarning: is_categorical is deprecated and will be removed in a future version.  Use is_categorical_dtype instead
  if not is_categorical(df_full[k]):
filtered out 12808 genes that are detected in less than 4.0 cells
/home/icb/carlo.dedonno/anaconda3/envs/sc/lib/python3.7/site-packages/dask/array/core.py:2620: RuntimeWarning: divide by zero encountered in true_divide
  size = (limit / dtype.itemsize / largest_block) ** (1 / len(autos))
/home/icb/carlo.dedonno/anaconda3/envs/sc/lib/python3.7/site-packages/anndata/_core/anndata.py:1094: FutureWarning: is_categorical is deprecated and will be removed in a future version.  Use is_categorical_dtype instead
  if not is_categorical(df_full[k]):
filtered out 9460 genes that are detected in less than 10.0 cells
/home/icb/carlo.dedonno/anaconda3/envs/sc/lib/python3.7/site-packages/dask/array/core.py:2620: RuntimeWarning: divide by zero encountered in true_divide
  size = (limit / dtype.itemsize / largest_block) ** (1 / len(autos))
/home/icb/carlo.dedonno/anaconda3/envs/sc/lib/python3.7/site-packages/anndata/_core/anndata.py:1094: FutureWarning: is_categorical is deprecated and will be removed in a future version.  Use is_categorical_dtype instead
  if not is_categorical(df_full[k]):
filtered out 12060 genes that are detected in less than 10.0 cells
/home/icb/carlo.dedonno/anaconda3/envs/sc/lib/python3.7/site-packages/dask/array/core.py:2620: RuntimeWarning: divide by zero encountered in true_divide
  size = (limit / dtype.itemsize / largest_block) ** (1 / len(autos))
/home/icb/carlo.dedonno/anaconda3/envs/sc/lib/python3.7/site-packages/anndata/_core/anndata.py:1094: FutureWarning: is_categorical is deprecated and will be removed in a future version.  Use is_categorical_dtype instead
  if not is_categorical(df_full[k]):
filtered out 12255 genes that are detected in less than 5.0 cells
/home/icb/carlo.dedonno/anaconda3/envs/sc/lib/python3.7/site-packages/dask/array/core.py:2620: RuntimeWarning: divide by zero encountered in true_divide
  size = (limit / dtype.itemsize / largest_block) ** (1 / len(autos))
/home/icb/carlo.dedonno/anaconda3/envs/sc/lib/python3.7/site-packages/anndata/_core/anndata.py:1094: FutureWarning: is_categorical is deprecated and will be removed in a future version.  Use is_categorical_dtype instead
  if not is_categorical(df_full[k]):
filtered out 11102 genes that are detected in less than 4.0 cells
/home/icb/carlo.dedonno/anaconda3/envs/sc/lib/python3.7/site-packages/dask/array/core.py:2620: RuntimeWarning: divide by zero encountered in true_divide
  size = (limit / dtype.itemsize / largest_block) ** (1 / len(autos))
/home/icb/carlo.dedonno/anaconda3/envs/sc/lib/python3.7/site-packages/anndata/_core/anndata.py:1094: FutureWarning: is_categorical is deprecated and will be removed in a future version.  Use is_categorical_dtype instead
  if not is_categorical(df_full[k]):
filtered out 9713 genes that are detected in less than 51.0 cells
/home/icb/carlo.dedonno/anaconda3/envs/sc/lib/python3.7/site-packages/dask/array/core.py:2620: RuntimeWarning: divide by zero encountered in true_divide
  size = (limit / dtype.itemsize / largest_block) ** (1 / len(autos))
/home/icb/carlo.dedonno/anaconda3/envs/sc/lib/python3.7/site-packages/anndata/_core/anndata.py:1094: FutureWarning: is_categorical is deprecated and will be removed in a future version.  Use is_categorical_dtype instead
  if not is_categorical(df_full[k]):
filtered out 12030 genes that are detected in less than 11.0 cells
/home/icb/carlo.dedonno/anaconda3/envs/sc/lib/python3.7/site-packages/dask/array/core.py:2620: RuntimeWarning: divide by zero encountered in true_divide
  size = (limit / dtype.itemsize / largest_block) ** (1 / len(autos))
/home/icb/carlo.dedonno/anaconda3/envs/sc/lib/python3.7/site-packages/anndata/_core/anndata.py:1094: FutureWarning: is_categorical is deprecated and will be removed in a future version.  Use is_categorical_dtype instead
  if not is_categorical(df_full[k]):
filtered out 12849 genes that are detected in less than 2.0 cells
/home/icb/carlo.dedonno/anaconda3/envs/sc/lib/python3.7/site-packages/dask/array/core.py:2620: RuntimeWarning: divide by zero encountered in true_divide
  size = (limit / dtype.itemsize / largest_block) ** (1 / len(autos))
/home/icb/carlo.dedonno/anaconda3/envs/sc/lib/python3.7/site-packages/anndata/_core/anndata.py:1094: FutureWarning: is_categorical is deprecated and will be removed in a future version.  Use is_categorical_dtype instead
  if not is_categorical(df_full[k]):
filtered out 7864 genes that are detected in less than 22.0 cells
/home/icb/carlo.dedonno/anaconda3/envs/sc/lib/python3.7/site-packages/dask/array/core.py:2620: RuntimeWarning: divide by zero encountered in true_divide
  size = (limit / dtype.itemsize / largest_block) ** (1 / len(autos))
/home/icb/carlo.dedonno/anaconda3/envs/sc/lib/python3.7/site-packages/anndata/_core/anndata.py:1094: FutureWarning: is_categorical is deprecated and will be removed in a future version.  Use is_categorical_dtype instead
  if not is_categorical(df_full[k]):
filtered out 8901 genes that are detected in less than 10.0 cells
/home/icb/carlo.dedonno/anaconda3/envs/sc/lib/python3.7/site-packages/dask/array/core.py:2620: RuntimeWarning: divide by zero encountered in true_divide
  size = (limit / dtype.itemsize / largest_block) ** (1 / len(autos))
/home/icb/carlo.dedonno/anaconda3/envs/sc/lib/python3.7/site-packages/anndata/_core/anndata.py:1094: FutureWarning: is_categorical is deprecated and will be removed in a future version.  Use is_categorical_dtype instead
  if not is_categorical(df_full[k]):
filtered out 12573 genes that are detected in less than 13.0 cells
/home/icb/carlo.dedonno/anaconda3/envs/sc/lib/python3.7/site-packages/dask/array/core.py:2620: RuntimeWarning: divide by zero encountered in true_divide
  size = (limit / dtype.itemsize / largest_block) ** (1 / len(autos))
/home/icb/carlo.dedonno/anaconda3/envs/sc/lib/python3.7/site-packages/anndata/_core/anndata.py:1094: FutureWarning: is_categorical is deprecated and will be removed in a future version.  Use is_categorical_dtype instead
  if not is_categorical(df_full[k]):
filtered out 8555 genes that are detected in less than 88.0 cells
/home/icb/carlo.dedonno/anaconda3/envs/sc/lib/python3.7/site-packages/dask/array/core.py:2620: RuntimeWarning: divide by zero encountered in true_divide
  size = (limit / dtype.itemsize / largest_block) ** (1 / len(autos))
/home/icb/carlo.dedonno/anaconda3/envs/sc/lib/python3.7/site-packages/anndata/_core/anndata.py:1094: FutureWarning: is_categorical is deprecated and will be removed in a future version.  Use is_categorical_dtype instead
  if not is_categorical(df_full[k]):
filtered out 10764 genes that are detected in less than 46.0 cells
/home/icb/carlo.dedonno/anaconda3/envs/sc/lib/python3.7/site-packages/dask/array/core.py:2620: RuntimeWarning: divide by zero encountered in true_divide
  size = (limit / dtype.itemsize / largest_block) ** (1 / len(autos))
/home/icb/carlo.dedonno/anaconda3/envs/sc/lib/python3.7/site-packages/anndata/_core/anndata.py:1094: FutureWarning: is_categorical is deprecated and will be removed in a future version.  Use is_categorical_dtype instead
  if not is_categorical(df_full[k]):
filtered out 14538 genes that are detected in less than 4.0 cells
/home/icb/carlo.dedonno/anaconda3/envs/sc/lib/python3.7/site-packages/dask/array/core.py:2620: RuntimeWarning: divide by zero encountered in true_divide
  size = (limit / dtype.itemsize / largest_block) ** (1 / len(autos))
/home/icb/carlo.dedonno/anaconda3/envs/sc/lib/python3.7/site-packages/anndata/_core/anndata.py:1094: FutureWarning: is_categorical is deprecated and will be removed in a future version.  Use is_categorical_dtype instead
  if not is_categorical(df_full[k]):
filtered out 12387 genes that are detected in less than 129.0 cells
/home/icb/carlo.dedonno/anaconda3/envs/sc/lib/python3.7/site-packages/dask/array/core.py:2620: RuntimeWarning: divide by zero encountered in true_divide
  size = (limit / dtype.itemsize / largest_block) ** (1 / len(autos))
/home/icb/carlo.dedonno/anaconda3/envs/sc/lib/python3.7/site-packages/anndata/_core/anndata.py:1094: FutureWarning: is_categorical is deprecated and will be removed in a future version.  Use is_categorical_dtype instead
  if not is_categorical(df_full[k]):
filtered out 12419 genes that are detected in less than 10.0 cells
/home/icb/carlo.dedonno/anaconda3/envs/sc/lib/python3.7/site-packages/dask/array/core.py:2620: RuntimeWarning: divide by zero encountered in true_divide
  size = (limit / dtype.itemsize / largest_block) ** (1 / len(autos))
/home/icb/carlo.dedonno/anaconda3/envs/sc/lib/python3.7/site-packages/anndata/_core/anndata.py:1094: FutureWarning: is_categorical is deprecated and will be removed in a future version.  Use is_categorical_dtype instead
  if not is_categorical(df_full[k]):
filtered out 15477 genes that are detected in less than 12.0 cells
/home/icb/carlo.dedonno/anaconda3/envs/sc/lib/python3.7/site-packages/dask/array/core.py:2620: RuntimeWarning: divide by zero encountered in true_divide
  size = (limit / dtype.itemsize / largest_block) ** (1 / len(autos))
/home/icb/carlo.dedonno/anaconda3/envs/sc/lib/python3.7/site-packages/anndata/_core/anndata.py:1094: FutureWarning: is_categorical is deprecated and will be removed in a future version.  Use is_categorical_dtype instead
  if not is_categorical(df_full[k]):
filtered out 11306 genes that are detected in less than 22.0 cells
/home/icb/carlo.dedonno/anaconda3/envs/sc/lib/python3.7/site-packages/dask/array/core.py:2620: RuntimeWarning: divide by zero encountered in true_divide
  size = (limit / dtype.itemsize / largest_block) ** (1 / len(autos))
/home/icb/carlo.dedonno/anaconda3/envs/sc/lib/python3.7/site-packages/anndata/_core/anndata.py:1094: FutureWarning: is_categorical is deprecated and will be removed in a future version.  Use is_categorical_dtype instead
  if not is_categorical(df_full[k]):
filtered out 11172 genes that are detected in less than 4.0 cells
/home/icb/carlo.dedonno/anaconda3/envs/sc/lib/python3.7/site-packages/dask/array/core.py:2620: RuntimeWarning: divide by zero encountered in true_divide
  size = (limit / dtype.itemsize / largest_block) ** (1 / len(autos))
/home/icb/carlo.dedonno/anaconda3/envs/sc/lib/python3.7/site-packages/anndata/_core/anndata.py:1094: FutureWarning: is_categorical is deprecated and will be removed in a future version.  Use is_categorical_dtype instead
  if not is_categorical(df_full[k]):
filtered out 10319 genes that are detected in less than 2.0 cells
/home/icb/carlo.dedonno/anaconda3/envs/sc/lib/python3.7/site-packages/dask/array/core.py:2620: RuntimeWarning: divide by zero encountered in true_divide
  size = (limit / dtype.itemsize / largest_block) ** (1 / len(autos))
/home/icb/carlo.dedonno/anaconda3/envs/sc/lib/python3.7/site-packages/anndata/_core/anndata.py:1094: FutureWarning: is_categorical is deprecated and will be removed in a future version.  Use is_categorical_dtype instead
  if not is_categorical(df_full[k]):
filtered out 10329 genes that are detected in less than 4.0 cells
/home/icb/carlo.dedonno/anaconda3/envs/sc/lib/python3.7/site-packages/dask/array/core.py:2620: RuntimeWarning: divide by zero encountered in true_divide
  size = (limit / dtype.itemsize / largest_block) ** (1 / len(autos))
/home/icb/carlo.dedonno/anaconda3/envs/sc/lib/python3.7/site-packages/anndata/_core/anndata.py:1094: FutureWarning: is_categorical is deprecated and will be removed in a future version.  Use is_categorical_dtype instead
  if not is_categorical(df_full[k]):
filtered out 12272 genes that are detected in less than 155.0 cells
/home/icb/carlo.dedonno/anaconda3/envs/sc/lib/python3.7/site-packages/dask/array/core.py:2620: RuntimeWarning: divide by zero encountered in true_divide
  size = (limit / dtype.itemsize / largest_block) ** (1 / len(autos))
/home/icb/carlo.dedonno/anaconda3/envs/sc/lib/python3.7/site-packages/anndata/_core/anndata.py:1094: FutureWarning: is_categorical is deprecated and will be removed in a future version.  Use is_categorical_dtype instead
  if not is_categorical(df_full[k]):
filtered out 14091 genes that are detected in less than 35.0 cells
/home/icb/carlo.dedonno/anaconda3/envs/sc/lib/python3.7/site-packages/dask/array/core.py:2620: RuntimeWarning: divide by zero encountered in true_divide
  size = (limit / dtype.itemsize / largest_block) ** (1 / len(autos))
/home/icb/carlo.dedonno/anaconda3/envs/sc/lib/python3.7/site-packages/anndata/_core/anndata.py:1094: FutureWarning: is_categorical is deprecated and will be removed in a future version.  Use is_categorical_dtype instead
  if not is_categorical(df_full[k]):
filtered out 13542 genes that are detected in less than 21.0 cells
/home/icb/carlo.dedonno/anaconda3/envs/sc/lib/python3.7/site-packages/dask/array/core.py:2620: RuntimeWarning: divide by zero encountered in true_divide
  size = (limit / dtype.itemsize / largest_block) ** (1 / len(autos))
/home/icb/carlo.dedonno/anaconda3/envs/sc/lib/python3.7/site-packages/anndata/_core/anndata.py:1094: FutureWarning: is_categorical is deprecated and will be removed in a future version.  Use is_categorical_dtype instead
  if not is_categorical(df_full[k]):
filtered out 13517 genes that are detected in less than 4.0 cells
/home/icb/carlo.dedonno/anaconda3/envs/sc/lib/python3.7/site-packages/dask/array/core.py:2620: RuntimeWarning: divide by zero encountered in true_divide
  size = (limit / dtype.itemsize / largest_block) ** (1 / len(autos))
/home/icb/carlo.dedonno/anaconda3/envs/sc/lib/python3.7/site-packages/anndata/_core/anndata.py:1094: FutureWarning: is_categorical is deprecated and will be removed in a future version.  Use is_categorical_dtype instead
  if not is_categorical(df_full[k]):
filtered out 9165 genes that are detected in less than 8.0 cells
/home/icb/carlo.dedonno/anaconda3/envs/sc/lib/python3.7/site-packages/dask/array/core.py:2620: RuntimeWarning: divide by zero encountered in true_divide
  size = (limit / dtype.itemsize / largest_block) ** (1 / len(autos))
/home/icb/carlo.dedonno/anaconda3/envs/sc/lib/python3.7/site-packages/anndata/_core/anndata.py:1094: FutureWarning: is_categorical is deprecated and will be removed in a future version.  Use is_categorical_dtype instead
  if not is_categorical(df_full[k]):
filtered out 14045 genes that are detected in less than 13.0 cells
/home/icb/carlo.dedonno/anaconda3/envs/sc/lib/python3.7/site-packages/dask/array/core.py:2620: RuntimeWarning: divide by zero encountered in true_divide
  size = (limit / dtype.itemsize / largest_block) ** (1 / len(autos))
/home/icb/carlo.dedonno/anaconda3/envs/sc/lib/python3.7/site-packages/anndata/_core/anndata.py:1094: FutureWarning: is_categorical is deprecated and will be removed in a future version.  Use is_categorical_dtype instead
  if not is_categorical(df_full[k]):
filtered out 12371 genes that are detected in less than 55.0 cells
/home/icb/carlo.dedonno/anaconda3/envs/sc/lib/python3.7/site-packages/dask/array/core.py:2620: RuntimeWarning: divide by zero encountered in true_divide
  size = (limit / dtype.itemsize / largest_block) ** (1 / len(autos))
/home/icb/carlo.dedonno/anaconda3/envs/sc/lib/python3.7/site-packages/anndata/_core/anndata.py:1094: FutureWarning: is_categorical is deprecated and will be removed in a future version.  Use is_categorical_dtype instead
  if not is_categorical(df_full[k]):
filtered out 10589 genes that are detected in less than 11.0 cells
/home/icb/carlo.dedonno/anaconda3/envs/sc/lib/python3.7/site-packages/dask/array/core.py:2620: RuntimeWarning: divide by zero encountered in true_divide
  size = (limit / dtype.itemsize / largest_block) ** (1 / len(autos))
/home/icb/carlo.dedonno/anaconda3/envs/sc/lib/python3.7/site-packages/anndata/_core/anndata.py:1094: FutureWarning: is_categorical is deprecated and will be removed in a future version.  Use is_categorical_dtype instead
  if not is_categorical(df_full[k]):
filtered out 12617 genes that are detected in less than 3.0 cells
/home/icb/carlo.dedonno/anaconda3/envs/sc/lib/python3.7/site-packages/dask/array/core.py:2620: RuntimeWarning: divide by zero encountered in true_divide
  size = (limit / dtype.itemsize / largest_block) ** (1 / len(autos))
/home/icb/carlo.dedonno/anaconda3/envs/sc/lib/python3.7/site-packages/anndata/_core/anndata.py:1094: FutureWarning: is_categorical is deprecated and will be removed in a future version.  Use is_categorical_dtype instead
  if not is_categorical(df_full[k]):
filtered out 10478 genes that are detected in less than 7.0 cells
/home/icb/carlo.dedonno/anaconda3/envs/sc/lib/python3.7/site-packages/dask/array/core.py:2620: RuntimeWarning: divide by zero encountered in true_divide
  size = (limit / dtype.itemsize / largest_block) ** (1 / len(autos))
/home/icb/carlo.dedonno/anaconda3/envs/sc/lib/python3.7/site-packages/anndata/_core/anndata.py:1094: FutureWarning: is_categorical is deprecated and will be removed in a future version.  Use is_categorical_dtype instead
  if not is_categorical(df_full[k]):
filtered out 12967 genes that are detected in less than 5.0 cells
/home/icb/carlo.dedonno/anaconda3/envs/sc/lib/python3.7/site-packages/dask/array/core.py:2620: RuntimeWarning: divide by zero encountered in true_divide
  size = (limit / dtype.itemsize / largest_block) ** (1 / len(autos))
/home/icb/carlo.dedonno/anaconda3/envs/sc/lib/python3.7/site-packages/anndata/_core/anndata.py:1094: FutureWarning: is_categorical is deprecated and will be removed in a future version.  Use is_categorical_dtype instead
  if not is_categorical(df_full[k]):
filtered out 8732 genes that are detected in less than 7.0 cells
/home/icb/carlo.dedonno/anaconda3/envs/sc/lib/python3.7/site-packages/dask/array/core.py:2620: RuntimeWarning: divide by zero encountered in true_divide
  size = (limit / dtype.itemsize / largest_block) ** (1 / len(autos))
/home/icb/carlo.dedonno/anaconda3/envs/sc/lib/python3.7/site-packages/anndata/_core/anndata.py:1094: FutureWarning: is_categorical is deprecated and will be removed in a future version.  Use is_categorical_dtype instead
  if not is_categorical(df_full[k]):
filtered out 11653 genes that are detected in less than 11.0 cells
/home/icb/carlo.dedonno/anaconda3/envs/sc/lib/python3.7/site-packages/dask/array/core.py:2620: RuntimeWarning: divide by zero encountered in true_divide
  size = (limit / dtype.itemsize / largest_block) ** (1 / len(autos))
/home/icb/carlo.dedonno/anaconda3/envs/sc/lib/python3.7/site-packages/anndata/_core/anndata.py:1094: FutureWarning: is_categorical is deprecated and will be removed in a future version.  Use is_categorical_dtype instead
  if not is_categorical(df_full[k]):
filtered out 11239 genes that are detected in less than 4.0 cells
/home/icb/carlo.dedonno/anaconda3/envs/sc/lib/python3.7/site-packages/dask/array/core.py:2620: RuntimeWarning: divide by zero encountered in true_divide
  size = (limit / dtype.itemsize / largest_block) ** (1 / len(autos))
/home/icb/carlo.dedonno/anaconda3/envs/sc/lib/python3.7/site-packages/anndata/_core/anndata.py:1094: FutureWarning: is_categorical is deprecated and will be removed in a future version.  Use is_categorical_dtype instead
  if not is_categorical(df_full[k]):
filtered out 10017 genes that are detected in less than 3.0 cells
/home/icb/carlo.dedonno/anaconda3/envs/sc/lib/python3.7/site-packages/dask/array/core.py:2620: RuntimeWarning: divide by zero encountered in true_divide
  size = (limit / dtype.itemsize / largest_block) ** (1 / len(autos))
/home/icb/carlo.dedonno/anaconda3/envs/sc/lib/python3.7/site-packages/anndata/_core/anndata.py:1094: FutureWarning: is_categorical is deprecated and will be removed in a future version.  Use is_categorical_dtype instead
  if not is_categorical(df_full[k]):
filtered out 9123 genes that are detected in less than 42.0 cells
/home/icb/carlo.dedonno/anaconda3/envs/sc/lib/python3.7/site-packages/dask/array/core.py:2620: RuntimeWarning: divide by zero encountered in true_divide
  size = (limit / dtype.itemsize / largest_block) ** (1 / len(autos))
/home/icb/carlo.dedonno/anaconda3/envs/sc/lib/python3.7/site-packages/anndata/_core/anndata.py:1094: FutureWarning: is_categorical is deprecated and will be removed in a future version.  Use is_categorical_dtype instead
  if not is_categorical(df_full[k]):
filtered out 11939 genes that are detected in less than 13.0 cells
/home/icb/carlo.dedonno/anaconda3/envs/sc/lib/python3.7/site-packages/dask/array/core.py:2620: RuntimeWarning: divide by zero encountered in true_divide
  size = (limit / dtype.itemsize / largest_block) ** (1 / len(autos))
/home/icb/carlo.dedonno/anaconda3/envs/sc/lib/python3.7/site-packages/anndata/_core/anndata.py:1094: FutureWarning: is_categorical is deprecated and will be removed in a future version.  Use is_categorical_dtype instead
  if not is_categorical(df_full[k]):
filtered out 12972 genes that are detected in less than 3.0 cells
/home/icb/carlo.dedonno/anaconda3/envs/sc/lib/python3.7/site-packages/dask/array/core.py:2620: RuntimeWarning: divide by zero encountered in true_divide
  size = (limit / dtype.itemsize / largest_block) ** (1 / len(autos))
/home/icb/carlo.dedonno/anaconda3/envs/sc/lib/python3.7/site-packages/anndata/_core/anndata.py:1094: FutureWarning: is_categorical is deprecated and will be removed in a future version.  Use is_categorical_dtype instead
  if not is_categorical(df_full[k]):
filtered out 7716 genes that are detected in less than 12.0 cells
/home/icb/carlo.dedonno/anaconda3/envs/sc/lib/python3.7/site-packages/dask/array/core.py:2620: RuntimeWarning: divide by zero encountered in true_divide
  size = (limit / dtype.itemsize / largest_block) ** (1 / len(autos))
/home/icb/carlo.dedonno/anaconda3/envs/sc/lib/python3.7/site-packages/anndata/_core/anndata.py:1094: FutureWarning: is_categorical is deprecated and will be removed in a future version.  Use is_categorical_dtype instead
  if not is_categorical(df_full[k]):
filtered out 8886 genes that are detected in less than 7.0 cells
/home/icb/carlo.dedonno/anaconda3/envs/sc/lib/python3.7/site-packages/dask/array/core.py:2620: RuntimeWarning: divide by zero encountered in true_divide
  size = (limit / dtype.itemsize / largest_block) ** (1 / len(autos))
/home/icb/carlo.dedonno/anaconda3/envs/sc/lib/python3.7/site-packages/anndata/_core/anndata.py:1094: FutureWarning: is_categorical is deprecated and will be removed in a future version.  Use is_categorical_dtype instead
  if not is_categorical(df_full[k]):
filtered out 12720 genes that are detected in less than 10.0 cells
/home/icb/carlo.dedonno/anaconda3/envs/sc/lib/python3.7/site-packages/dask/array/core.py:2620: RuntimeWarning: divide by zero encountered in true_divide
  size = (limit / dtype.itemsize / largest_block) ** (1 / len(autos))
/home/icb/carlo.dedonno/anaconda3/envs/sc/lib/python3.7/site-packages/anndata/_core/anndata.py:1094: FutureWarning: is_categorical is deprecated and will be removed in a future version.  Use is_categorical_dtype instead
  if not is_categorical(df_full[k]):
filtered out 8442 genes that are detected in less than 68.0 cells
/home/icb/carlo.dedonno/anaconda3/envs/sc/lib/python3.7/site-packages/dask/array/core.py:2620: RuntimeWarning: divide by zero encountered in true_divide
  size = (limit / dtype.itemsize / largest_block) ** (1 / len(autos))
/home/icb/carlo.dedonno/anaconda3/envs/sc/lib/python3.7/site-packages/anndata/_core/anndata.py:1094: FutureWarning: is_categorical is deprecated and will be removed in a future version.  Use is_categorical_dtype instead
  if not is_categorical(df_full[k]):
filtered out 10684 genes that are detected in less than 40.0 cells
/home/icb/carlo.dedonno/anaconda3/envs/sc/lib/python3.7/site-packages/dask/array/core.py:2620: RuntimeWarning: divide by zero encountered in true_divide
  size = (limit / dtype.itemsize / largest_block) ** (1 / len(autos))
/home/icb/carlo.dedonno/anaconda3/envs/sc/lib/python3.7/site-packages/anndata/_core/anndata.py:1094: FutureWarning: is_categorical is deprecated and will be removed in a future version.  Use is_categorical_dtype instead
  if not is_categorical(df_full[k]):
filtered out 12138 genes that are detected in less than 1.0 cells
/home/icb/carlo.dedonno/anaconda3/envs/sc/lib/python3.7/site-packages/dask/array/core.py:2620: RuntimeWarning: divide by zero encountered in true_divide
  size = (limit / dtype.itemsize / largest_block) ** (1 / len(autos))
/home/icb/carlo.dedonno/anaconda3/envs/sc/lib/python3.7/site-packages/anndata/_core/anndata.py:1094: FutureWarning: is_categorical is deprecated and will be removed in a future version.  Use is_categorical_dtype instead
  if not is_categorical(df_full[k]):
filtered out 12158 genes that are detected in less than 137.0 cells
/home/icb/carlo.dedonno/anaconda3/envs/sc/lib/python3.7/site-packages/dask/array/core.py:2620: RuntimeWarning: divide by zero encountered in true_divide
  size = (limit / dtype.itemsize / largest_block) ** (1 / len(autos))
/home/icb/carlo.dedonno/anaconda3/envs/sc/lib/python3.7/site-packages/anndata/_core/anndata.py:1094: FutureWarning: is_categorical is deprecated and will be removed in a future version.  Use is_categorical_dtype instead
  if not is_categorical(df_full[k]):
filtered out 12102 genes that are detected in less than 10.0 cells
/home/icb/carlo.dedonno/anaconda3/envs/sc/lib/python3.7/site-packages/dask/array/core.py:2620: RuntimeWarning: divide by zero encountered in true_divide
  size = (limit / dtype.itemsize / largest_block) ** (1 / len(autos))
/home/icb/carlo.dedonno/anaconda3/envs/sc/lib/python3.7/site-packages/anndata/_core/anndata.py:1094: FutureWarning: is_categorical is deprecated and will be removed in a future version.  Use is_categorical_dtype instead
  if not is_categorical(df_full[k]):
filtered out 15536 genes that are detected in less than 8.0 cells
/home/icb/carlo.dedonno/anaconda3/envs/sc/lib/python3.7/site-packages/dask/array/core.py:2620: RuntimeWarning: divide by zero encountered in true_divide
  size = (limit / dtype.itemsize / largest_block) ** (1 / len(autos))
/home/icb/carlo.dedonno/anaconda3/envs/sc/lib/python3.7/site-packages/anndata/_core/anndata.py:1094: FutureWarning: is_categorical is deprecated and will be removed in a future version.  Use is_categorical_dtype instead
  if not is_categorical(df_full[k]):
filtered out 11150 genes that are detected in less than 29.0 cells
/home/icb/carlo.dedonno/anaconda3/envs/sc/lib/python3.7/site-packages/dask/array/core.py:2620: RuntimeWarning: divide by zero encountered in true_divide
  size = (limit / dtype.itemsize / largest_block) ** (1 / len(autos))
/home/icb/carlo.dedonno/anaconda3/envs/sc/lib/python3.7/site-packages/anndata/_core/anndata.py:1094: FutureWarning: is_categorical is deprecated and will be removed in a future version.  Use is_categorical_dtype instead
  if not is_categorical(df_full[k]):
filtered out 10923 genes that are detected in less than 5.0 cells
/home/icb/carlo.dedonno/anaconda3/envs/sc/lib/python3.7/site-packages/dask/array/core.py:2620: RuntimeWarning: divide by zero encountered in true_divide
  size = (limit / dtype.itemsize / largest_block) ** (1 / len(autos))
/home/icb/carlo.dedonno/anaconda3/envs/sc/lib/python3.7/site-packages/anndata/_core/anndata.py:1094: FutureWarning: is_categorical is deprecated and will be removed in a future version.  Use is_categorical_dtype instead
  if not is_categorical(df_full[k]):
filtered out 10665 genes that are detected in less than 3.0 cells
/home/icb/carlo.dedonno/anaconda3/envs/sc/lib/python3.7/site-packages/dask/array/core.py:2620: RuntimeWarning: divide by zero encountered in true_divide
  size = (limit / dtype.itemsize / largest_block) ** (1 / len(autos))
/home/icb/carlo.dedonno/anaconda3/envs/sc/lib/python3.7/site-packages/anndata/_core/anndata.py:1094: FutureWarning: is_categorical is deprecated and will be removed in a future version.  Use is_categorical_dtype instead
  if not is_categorical(df_full[k]):
filtered out 10744 genes that are detected in less than 4.0 cells
/home/icb/carlo.dedonno/anaconda3/envs/sc/lib/python3.7/site-packages/dask/array/core.py:2620: RuntimeWarning: divide by zero encountered in true_divide
  size = (limit / dtype.itemsize / largest_block) ** (1 / len(autos))
/home/icb/carlo.dedonno/anaconda3/envs/sc/lib/python3.7/site-packages/anndata/_core/anndata.py:1094: FutureWarning: is_categorical is deprecated and will be removed in a future version.  Use is_categorical_dtype instead
  if not is_categorical(df_full[k]):
filtered out 12253 genes that are detected in less than 152.0 cells
/home/icb/carlo.dedonno/anaconda3/envs/sc/lib/python3.7/site-packages/dask/array/core.py:2620: RuntimeWarning: divide by zero encountered in true_divide
  size = (limit / dtype.itemsize / largest_block) ** (1 / len(autos))
/home/icb/carlo.dedonno/anaconda3/envs/sc/lib/python3.7/site-packages/anndata/_core/anndata.py:1094: FutureWarning: is_categorical is deprecated and will be removed in a future version.  Use is_categorical_dtype instead
  if not is_categorical(df_full[k]):
filtered out 14033 genes that are detected in less than 39.0 cells
/home/icb/carlo.dedonno/anaconda3/envs/sc/lib/python3.7/site-packages/dask/array/core.py:2620: RuntimeWarning: divide by zero encountered in true_divide
  size = (limit / dtype.itemsize / largest_block) ** (1 / len(autos))
/home/icb/carlo.dedonno/anaconda3/envs/sc/lib/python3.7/site-packages/anndata/_core/anndata.py:1094: FutureWarning: is_categorical is deprecated and will be removed in a future version.  Use is_categorical_dtype instead
  if not is_categorical(df_full[k]):
filtered out 13282 genes that are detected in less than 28.0 cells
/home/icb/carlo.dedonno/anaconda3/envs/sc/lib/python3.7/site-packages/dask/array/core.py:2620: RuntimeWarning: divide by zero encountered in true_divide
  size = (limit / dtype.itemsize / largest_block) ** (1 / len(autos))
/home/icb/carlo.dedonno/anaconda3/envs/sc/lib/python3.7/site-packages/anndata/_core/anndata.py:1094: FutureWarning: is_categorical is deprecated and will be removed in a future version.  Use is_categorical_dtype instead
  if not is_categorical(df_full[k]):
filtered out 13340 genes that are detected in less than 4.0 cells
/home/icb/carlo.dedonno/anaconda3/envs/sc/lib/python3.7/site-packages/dask/array/core.py:2620: RuntimeWarning: divide by zero encountered in true_divide
  size = (limit / dtype.itemsize / largest_block) ** (1 / len(autos))
/home/icb/carlo.dedonno/anaconda3/envs/sc/lib/python3.7/site-packages/anndata/_core/anndata.py:1094: FutureWarning: is_categorical is deprecated and will be removed in a future version.  Use is_categorical_dtype instead
  if not is_categorical(df_full[k]):
filtered out 9605 genes that are detected in less than 9.0 cells
/home/icb/carlo.dedonno/anaconda3/envs/sc/lib/python3.7/site-packages/dask/array/core.py:2620: RuntimeWarning: divide by zero encountered in true_divide
  size = (limit / dtype.itemsize / largest_block) ** (1 / len(autos))
/home/icb/carlo.dedonno/anaconda3/envs/sc/lib/python3.7/site-packages/anndata/_core/anndata.py:1094: FutureWarning: is_categorical is deprecated and will be removed in a future version.  Use is_categorical_dtype instead
  if not is_categorical(df_full[k]):
filtered out 14102 genes that are detected in less than 16.0 cells
/home/icb/carlo.dedonno/anaconda3/envs/sc/lib/python3.7/site-packages/dask/array/core.py:2620: RuntimeWarning: divide by zero encountered in true_divide
  size = (limit / dtype.itemsize / largest_block) ** (1 / len(autos))
/home/icb/carlo.dedonno/anaconda3/envs/sc/lib/python3.7/site-packages/anndata/_core/anndata.py:1094: FutureWarning: is_categorical is deprecated and will be removed in a future version.  Use is_categorical_dtype instead
  if not is_categorical(df_full[k]):
filtered out 12415 genes that are detected in less than 55.0 cells
/home/icb/carlo.dedonno/anaconda3/envs/sc/lib/python3.7/site-packages/dask/array/core.py:2620: RuntimeWarning: divide by zero encountered in true_divide
  size = (limit / dtype.itemsize / largest_block) ** (1 / len(autos))
/home/icb/carlo.dedonno/anaconda3/envs/sc/lib/python3.7/site-packages/anndata/_core/anndata.py:1094: FutureWarning: is_categorical is deprecated and will be removed in a future version.  Use is_categorical_dtype instead
  if not is_categorical(df_full[k]):
filtered out 10503 genes that are detected in less than 11.0 cells
/home/icb/carlo.dedonno/anaconda3/envs/sc/lib/python3.7/site-packages/dask/array/core.py:2620: RuntimeWarning: divide by zero encountered in true_divide
  size = (limit / dtype.itemsize / largest_block) ** (1 / len(autos))
/home/icb/carlo.dedonno/anaconda3/envs/sc/lib/python3.7/site-packages/anndata/_core/anndata.py:1094: FutureWarning: is_categorical is deprecated and will be removed in a future version.  Use is_categorical_dtype instead
  if not is_categorical(df_full[k]):
filtered out 13040 genes that are detected in less than 3.0 cells
/home/icb/carlo.dedonno/anaconda3/envs/sc/lib/python3.7/site-packages/dask/array/core.py:2620: RuntimeWarning: divide by zero encountered in true_divide
  size = (limit / dtype.itemsize / largest_block) ** (1 / len(autos))
/home/icb/carlo.dedonno/anaconda3/envs/sc/lib/python3.7/site-packages/anndata/_core/anndata.py:1094: FutureWarning: is_categorical is deprecated and will be removed in a future version.  Use is_categorical_dtype instead
  if not is_categorical(df_full[k]):
filtered out 8916 genes that are detected in less than 4.0 cells
/home/icb/carlo.dedonno/anaconda3/envs/sc/lib/python3.7/site-packages/dask/array/core.py:2620: RuntimeWarning: divide by zero encountered in true_divide
  size = (limit / dtype.itemsize / largest_block) ** (1 / len(autos))
/home/icb/carlo.dedonno/anaconda3/envs/sc/lib/python3.7/site-packages/anndata/_core/anndata.py:1094: FutureWarning: is_categorical is deprecated and will be removed in a future version.  Use is_categorical_dtype instead
  if not is_categorical(df_full[k]):
filtered out 12623 genes that are detected in less than 5.0 cells
/home/icb/carlo.dedonno/anaconda3/envs/sc/lib/python3.7/site-packages/dask/array/core.py:2620: RuntimeWarning: divide by zero encountered in true_divide
  size = (limit / dtype.itemsize / largest_block) ** (1 / len(autos))
/home/icb/carlo.dedonno/anaconda3/envs/sc/lib/python3.7/site-packages/anndata/_core/anndata.py:1094: FutureWarning: is_categorical is deprecated and will be removed in a future version.  Use is_categorical_dtype instead
  if not is_categorical(df_full[k]):
filtered out 9396 genes that are detected in less than 14.0 cells
/home/icb/carlo.dedonno/anaconda3/envs/sc/lib/python3.7/site-packages/dask/array/core.py:2620: RuntimeWarning: divide by zero encountered in true_divide
  size = (limit / dtype.itemsize / largest_block) ** (1 / len(autos))
/home/icb/carlo.dedonno/anaconda3/envs/sc/lib/python3.7/site-packages/anndata/_core/anndata.py:1094: FutureWarning: is_categorical is deprecated and will be removed in a future version.  Use is_categorical_dtype instead
  if not is_categorical(df_full[k]):
filtered out 12710 genes that are detected in less than 8.0 cells
/home/icb/carlo.dedonno/anaconda3/envs/sc/lib/python3.7/site-packages/dask/array/core.py:2620: RuntimeWarning: divide by zero encountered in true_divide
  size = (limit / dtype.itemsize / largest_block) ** (1 / len(autos))
/home/icb/carlo.dedonno/anaconda3/envs/sc/lib/python3.7/site-packages/anndata/_core/anndata.py:1094: FutureWarning: is_categorical is deprecated and will be removed in a future version.  Use is_categorical_dtype instead
  if not is_categorical(df_full[k]):
filtered out 12311 genes that are detected in less than 4.0 cells
/home/icb/carlo.dedonno/anaconda3/envs/sc/lib/python3.7/site-packages/dask/array/core.py:2620: RuntimeWarning: divide by zero encountered in true_divide
  size = (limit / dtype.itemsize / largest_block) ** (1 / len(autos))
/home/icb/carlo.dedonno/anaconda3/envs/sc/lib/python3.7/site-packages/anndata/_core/anndata.py:1094: FutureWarning: is_categorical is deprecated and will be removed in a future version.  Use is_categorical_dtype instead
  if not is_categorical(df_full[k]):
filtered out 11515 genes that are detected in less than 3.0 cells
/home/icb/carlo.dedonno/anaconda3/envs/sc/lib/python3.7/site-packages/dask/array/core.py:2620: RuntimeWarning: divide by zero encountered in true_divide
  size = (limit / dtype.itemsize / largest_block) ** (1 / len(autos))
/home/icb/carlo.dedonno/anaconda3/envs/sc/lib/python3.7/site-packages/anndata/_core/anndata.py:1094: FutureWarning: is_categorical is deprecated and will be removed in a future version.  Use is_categorical_dtype instead
  if not is_categorical(df_full[k]):
filtered out 9914 genes that are detected in less than 60.0 cells
/home/icb/carlo.dedonno/anaconda3/envs/sc/lib/python3.7/site-packages/dask/array/core.py:2620: RuntimeWarning: divide by zero encountered in true_divide
  size = (limit / dtype.itemsize / largest_block) ** (1 / len(autos))
/home/icb/carlo.dedonno/anaconda3/envs/sc/lib/python3.7/site-packages/anndata/_core/anndata.py:1094: FutureWarning: is_categorical is deprecated and will be removed in a future version.  Use is_categorical_dtype instead
  if not is_categorical(df_full[k]):
filtered out 12297 genes that are detected in less than 12.0 cells
/home/icb/carlo.dedonno/anaconda3/envs/sc/lib/python3.7/site-packages/dask/array/core.py:2620: RuntimeWarning: divide by zero encountered in true_divide
  size = (limit / dtype.itemsize / largest_block) ** (1 / len(autos))
/home/icb/carlo.dedonno/anaconda3/envs/sc/lib/python3.7/site-packages/anndata/_core/anndata.py:1094: FutureWarning: is_categorical is deprecated and will be removed in a future version.  Use is_categorical_dtype instead
  if not is_categorical(df_full[k]):
filtered out 11645 genes that are detected in less than 1.0 cells
/home/icb/carlo.dedonno/anaconda3/envs/sc/lib/python3.7/site-packages/dask/array/core.py:2620: RuntimeWarning: divide by zero encountered in true_divide
  size = (limit / dtype.itemsize / largest_block) ** (1 / len(autos))
/home/icb/carlo.dedonno/anaconda3/envs/sc/lib/python3.7/site-packages/anndata/_core/anndata.py:1094: FutureWarning: is_categorical is deprecated and will be removed in a future version.  Use is_categorical_dtype instead
  if not is_categorical(df_full[k]):
filtered out 8029 genes that are detected in less than 24.0 cells
/home/icb/carlo.dedonno/anaconda3/envs/sc/lib/python3.7/site-packages/dask/array/core.py:2620: RuntimeWarning: divide by zero encountered in true_divide
  size = (limit / dtype.itemsize / largest_block) ** (1 / len(autos))
/home/icb/carlo.dedonno/anaconda3/envs/sc/lib/python3.7/site-packages/anndata/_core/anndata.py:1094: FutureWarning: is_categorical is deprecated and will be removed in a future version.  Use is_categorical_dtype instead
  if not is_categorical(df_full[k]):
filtered out 9185 genes that are detected in less than 11.0 cells
/home/icb/carlo.dedonno/anaconda3/envs/sc/lib/python3.7/site-packages/dask/array/core.py:2620: RuntimeWarning: divide by zero encountered in true_divide
  size = (limit / dtype.itemsize / largest_block) ** (1 / len(autos))
/home/icb/carlo.dedonno/anaconda3/envs/sc/lib/python3.7/site-packages/anndata/_core/anndata.py:1094: FutureWarning: is_categorical is deprecated and will be removed in a future version.  Use is_categorical_dtype instead
  if not is_categorical(df_full[k]):
filtered out 12524 genes that are detected in less than 13.0 cells
/home/icb/carlo.dedonno/anaconda3/envs/sc/lib/python3.7/site-packages/dask/array/core.py:2620: RuntimeWarning: divide by zero encountered in true_divide
  size = (limit / dtype.itemsize / largest_block) ** (1 / len(autos))
/home/icb/carlo.dedonno/anaconda3/envs/sc/lib/python3.7/site-packages/anndata/_core/anndata.py:1094: FutureWarning: is_categorical is deprecated and will be removed in a future version.  Use is_categorical_dtype instead
  if not is_categorical(df_full[k]):
filtered out 8742 genes that are detected in less than 78.0 cells
/home/icb/carlo.dedonno/anaconda3/envs/sc/lib/python3.7/site-packages/dask/array/core.py:2620: RuntimeWarning: divide by zero encountered in true_divide
  size = (limit / dtype.itemsize / largest_block) ** (1 / len(autos))
/home/icb/carlo.dedonno/anaconda3/envs/sc/lib/python3.7/site-packages/anndata/_core/anndata.py:1094: FutureWarning: is_categorical is deprecated and will be removed in a future version.  Use is_categorical_dtype instead
  if not is_categorical(df_full[k]):
filtered out 10792 genes that are detected in less than 39.0 cells
/home/icb/carlo.dedonno/anaconda3/envs/sc/lib/python3.7/site-packages/dask/array/core.py:2620: RuntimeWarning: divide by zero encountered in true_divide
  size = (limit / dtype.itemsize / largest_block) ** (1 / len(autos))
/home/icb/carlo.dedonno/anaconda3/envs/sc/lib/python3.7/site-packages/anndata/_core/anndata.py:1094: FutureWarning: is_categorical is deprecated and will be removed in a future version.  Use is_categorical_dtype instead
  if not is_categorical(df_full[k]):
filtered out 13980 genes that are detected in less than 12.0 cells
/home/icb/carlo.dedonno/anaconda3/envs/sc/lib/python3.7/site-packages/dask/array/core.py:2620: RuntimeWarning: divide by zero encountered in true_divide
  size = (limit / dtype.itemsize / largest_block) ** (1 / len(autos))
/home/icb/carlo.dedonno/anaconda3/envs/sc/lib/python3.7/site-packages/anndata/_core/anndata.py:1094: FutureWarning: is_categorical is deprecated and will be removed in a future version.  Use is_categorical_dtype instead
  if not is_categorical(df_full[k]):
filtered out 12555 genes that are detected in less than 99.0 cells
/home/icb/carlo.dedonno/anaconda3/envs/sc/lib/python3.7/site-packages/dask/array/core.py:2620: RuntimeWarning: divide by zero encountered in true_divide
  size = (limit / dtype.itemsize / largest_block) ** (1 / len(autos))
/home/icb/carlo.dedonno/anaconda3/envs/sc/lib/python3.7/site-packages/anndata/_core/anndata.py:1094: FutureWarning: is_categorical is deprecated and will be removed in a future version.  Use is_categorical_dtype instead
  if not is_categorical(df_full[k]):
filtered out 12325 genes that are detected in less than 9.0 cells
/home/icb/carlo.dedonno/anaconda3/envs/sc/lib/python3.7/site-packages/dask/array/core.py:2620: RuntimeWarning: divide by zero encountered in true_divide
  size = (limit / dtype.itemsize / largest_block) ** (1 / len(autos))
/home/icb/carlo.dedonno/anaconda3/envs/sc/lib/python3.7/site-packages/anndata/_core/anndata.py:1094: FutureWarning: is_categorical is deprecated and will be removed in a future version.  Use is_categorical_dtype instead
  if not is_categorical(df_full[k]):
filtered out 15328 genes that are detected in less than 11.0 cells
/home/icb/carlo.dedonno/anaconda3/envs/sc/lib/python3.7/site-packages/dask/array/core.py:2620: RuntimeWarning: divide by zero encountered in true_divide
  size = (limit / dtype.itemsize / largest_block) ** (1 / len(autos))
/home/icb/carlo.dedonno/anaconda3/envs/sc/lib/python3.7/site-packages/anndata/_core/anndata.py:1094: FutureWarning: is_categorical is deprecated and will be removed in a future version.  Use is_categorical_dtype instead
  if not is_categorical(df_full[k]):
filtered out 11030 genes that are detected in less than 13.0 cells
/home/icb/carlo.dedonno/anaconda3/envs/sc/lib/python3.7/site-packages/dask/array/core.py:2620: RuntimeWarning: divide by zero encountered in true_divide
  size = (limit / dtype.itemsize / largest_block) ** (1 / len(autos))
/home/icb/carlo.dedonno/anaconda3/envs/sc/lib/python3.7/site-packages/anndata/_core/anndata.py:1094: FutureWarning: is_categorical is deprecated and will be removed in a future version.  Use is_categorical_dtype instead
  if not is_categorical(df_full[k]):
filtered out 10431 genes that are detected in less than 2.0 cells
/home/icb/carlo.dedonno/anaconda3/envs/sc/lib/python3.7/site-packages/dask/array/core.py:2620: RuntimeWarning: divide by zero encountered in true_divide
  size = (limit / dtype.itemsize / largest_block) ** (1 / len(autos))
/home/icb/carlo.dedonno/anaconda3/envs/sc/lib/python3.7/site-packages/anndata/_core/anndata.py:1094: FutureWarning: is_categorical is deprecated and will be removed in a future version.  Use is_categorical_dtype instead
  if not is_categorical(df_full[k]):
filtered out 10159 genes that are detected in less than 2.0 cells
/home/icb/carlo.dedonno/anaconda3/envs/sc/lib/python3.7/site-packages/dask/array/core.py:2620: RuntimeWarning: divide by zero encountered in true_divide
  size = (limit / dtype.itemsize / largest_block) ** (1 / len(autos))
/home/icb/carlo.dedonno/anaconda3/envs/sc/lib/python3.7/site-packages/anndata/_core/anndata.py:1094: FutureWarning: is_categorical is deprecated and will be removed in a future version.  Use is_categorical_dtype instead
  if not is_categorical(df_full[k]):
filtered out 10256 genes that are detected in less than 4.0 cells
/home/icb/carlo.dedonno/anaconda3/envs/sc/lib/python3.7/site-packages/dask/array/core.py:2620: RuntimeWarning: divide by zero encountered in true_divide
  size = (limit / dtype.itemsize / largest_block) ** (1 / len(autos))
/home/icb/carlo.dedonno/anaconda3/envs/sc/lib/python3.7/site-packages/anndata/_core/anndata.py:1094: FutureWarning: is_categorical is deprecated and will be removed in a future version.  Use is_categorical_dtype instead
  if not is_categorical(df_full[k]):
filtered out 12507 genes that are detected in less than 143.0 cells
/home/icb/carlo.dedonno/anaconda3/envs/sc/lib/python3.7/site-packages/dask/array/core.py:2620: RuntimeWarning: divide by zero encountered in true_divide
  size = (limit / dtype.itemsize / largest_block) ** (1 / len(autos))
/home/icb/carlo.dedonno/anaconda3/envs/sc/lib/python3.7/site-packages/anndata/_core/anndata.py:1094: FutureWarning: is_categorical is deprecated and will be removed in a future version.  Use is_categorical_dtype instead
  if not is_categorical(df_full[k]):
filtered out 13887 genes that are detected in less than 27.0 cells
/home/icb/carlo.dedonno/anaconda3/envs/sc/lib/python3.7/site-packages/dask/array/core.py:2620: RuntimeWarning: divide by zero encountered in true_divide
  size = (limit / dtype.itemsize / largest_block) ** (1 / len(autos))
/home/icb/carlo.dedonno/anaconda3/envs/sc/lib/python3.7/site-packages/anndata/_core/anndata.py:1094: FutureWarning: is_categorical is deprecated and will be removed in a future version.  Use is_categorical_dtype instead
  if not is_categorical(df_full[k]):
filtered out 13594 genes that are detected in less than 14.0 cells
/home/icb/carlo.dedonno/anaconda3/envs/sc/lib/python3.7/site-packages/dask/array/core.py:2620: RuntimeWarning: divide by zero encountered in true_divide
  size = (limit / dtype.itemsize / largest_block) ** (1 / len(autos))
/home/icb/carlo.dedonno/anaconda3/envs/sc/lib/python3.7/site-packages/anndata/_core/anndata.py:1094: FutureWarning: is_categorical is deprecated and will be removed in a future version.  Use is_categorical_dtype instead
  if not is_categorical(df_full[k]):
filtered out 13793 genes that are detected in less than 3.0 cells
/home/icb/carlo.dedonno/anaconda3/envs/sc/lib/python3.7/site-packages/dask/array/core.py:2620: RuntimeWarning: divide by zero encountered in true_divide
  size = (limit / dtype.itemsize / largest_block) ** (1 / len(autos))
/home/icb/carlo.dedonno/anaconda3/envs/sc/lib/python3.7/site-packages/anndata/_core/anndata.py:1094: FutureWarning: is_categorical is deprecated and will be removed in a future version.  Use is_categorical_dtype instead
  if not is_categorical(df_full[k]):
filtered out 9184 genes that are detected in less than 6.0 cells
/home/icb/carlo.dedonno/anaconda3/envs/sc/lib/python3.7/site-packages/dask/array/core.py:2620: RuntimeWarning: divide by zero encountered in true_divide
  size = (limit / dtype.itemsize / largest_block) ** (1 / len(autos))
/home/icb/carlo.dedonno/anaconda3/envs/sc/lib/python3.7/site-packages/anndata/_core/anndata.py:1094: FutureWarning: is_categorical is deprecated and will be removed in a future version.  Use is_categorical_dtype instead
  if not is_categorical(df_full[k]):
filtered out 13591 genes that are detected in less than 9.0 cells
/home/icb/carlo.dedonno/anaconda3/envs/sc/lib/python3.7/site-packages/dask/array/core.py:2620: RuntimeWarning: divide by zero encountered in true_divide
  size = (limit / dtype.itemsize / largest_block) ** (1 / len(autos))
/home/icb/carlo.dedonno/anaconda3/envs/sc/lib/python3.7/site-packages/anndata/_core/anndata.py:1094: FutureWarning: is_categorical is deprecated and will be removed in a future version.  Use is_categorical_dtype instead
  if not is_categorical(df_full[k]):
filtered out 12240 genes that are detected in less than 44.0 cells
/home/icb/carlo.dedonno/anaconda3/envs/sc/lib/python3.7/site-packages/dask/array/core.py:2620: RuntimeWarning: divide by zero encountered in true_divide
  size = (limit / dtype.itemsize / largest_block) ** (1 / len(autos))
/home/icb/carlo.dedonno/anaconda3/envs/sc/lib/python3.7/site-packages/anndata/_core/anndata.py:1094: FutureWarning: is_categorical is deprecated and will be removed in a future version.  Use is_categorical_dtype instead
  if not is_categorical(df_full[k]):
filtered out 10806 genes that are detected in less than 10.0 cells
/home/icb/carlo.dedonno/anaconda3/envs/sc/lib/python3.7/site-packages/dask/array/core.py:2620: RuntimeWarning: divide by zero encountered in true_divide
  size = (limit / dtype.itemsize / largest_block) ** (1 / len(autos))
/home/icb/carlo.dedonno/anaconda3/envs/sc/lib/python3.7/site-packages/anndata/_core/anndata.py:1094: FutureWarning: is_categorical is deprecated and will be removed in a future version.  Use is_categorical_dtype instead
  if not is_categorical(df_full[k]):
filtered out 12214 genes that are detected in less than 3.0 cells
/home/icb/carlo.dedonno/anaconda3/envs/sc/lib/python3.7/site-packages/dask/array/core.py:2620: RuntimeWarning: divide by zero encountered in true_divide
  size = (limit / dtype.itemsize / largest_block) ** (1 / len(autos))
/home/icb/carlo.dedonno/anaconda3/envs/sc/lib/python3.7/site-packages/anndata/_core/anndata.py:1094: FutureWarning: is_categorical is deprecated and will be removed in a future version.  Use is_categorical_dtype instead
  if not is_categorical(df_full[k]):
filtered out 11472 genes that are detected in less than 11.0 cells
/home/icb/carlo.dedonno/anaconda3/envs/sc/lib/python3.7/site-packages/dask/array/core.py:2620: RuntimeWarning: divide by zero encountered in true_divide
  size = (limit / dtype.itemsize / largest_block) ** (1 / len(autos))
/home/icb/carlo.dedonno/anaconda3/envs/sc/lib/python3.7/site-packages/anndata/_core/anndata.py:1094: FutureWarning: is_categorical is deprecated and will be removed in a future version.  Use is_categorical_dtype instead
  if not is_categorical(df_full[k]):
filtered out 12363 genes that are detected in less than 3.0 cells
/home/icb/carlo.dedonno/anaconda3/envs/sc/lib/python3.7/site-packages/dask/array/core.py:2620: RuntimeWarning: divide by zero encountered in true_divide
  size = (limit / dtype.itemsize / largest_block) ** (1 / len(autos))
